=======================================================
         INICIANDO BACKEND (SPRING BOOT)
=======================================================

Detectando Java...
JAVA_HOME: C:\Program Files\Eclipse Adoptium\jdk-21.0.10.7-hotspot

[INFO] Scanning for projects...
[INFO] 
[INFO] ------------------------< com.isturgi:backend >-------------------------
[INFO] Building backend 0.0.1-SNAPSHOT
[INFO]   from pom.xml
[INFO] --------------------------------[ jar ]---------------------------------
[INFO] 
[INFO] >>> spring-boot:3.4.1:run (default-cli) > test-compile @ backend >>>
[INFO] 
[INFO] --- resources:3.3.1:resources (default-resources) @ backend ---
[INFO] Copying 1 resource from src\main\resources to target\classes
[INFO] Copying 0 resource from src\main\resources to target\classes
[INFO] 
[INFO] --- compiler:3.13.0:compile (default-compile) @ backend ---
[INFO] Nothing to compile - all classes are up to date.
[INFO] 
[INFO] --- resources:3.3.1:testResources (default-testResources) @ backend ---
[INFO] skip non existing resourceDirectory C:\Users\jball\OneDrive\Escritorio\Club de tenis\tenis-isturgi\spring-backend\src\test\resources
[INFO] 
[INFO] --- compiler:3.13.0:testCompile (default-testCompile) @ backend ---
[INFO] No sources to compile
[INFO] 
[INFO] <<< spring-boot:3.4.1:run (default-cli) < test-compile @ backend <<<
[INFO] 
[INFO] 
[INFO] --- spring-boot:3.4.1:run (default-cli) @ backend ---
[INFO] Attaching agents: []

  .   ____          _            __ _ _
 /\\ / ___'_ __ _ _(_)_ __  __ _ \ \ \ \
( ( )\___ | '_ | '_| | '_ \/ _` | \ \ \ \
 \\/  ___)| |_)| | | | | || (_| |  ) ) ) )
  '  |____| .__|_| |_|_| |_\__, | / / / /
 =========|_|==============|___/=/_/_/_/

 :: Spring Boot ::                (v3.4.1)

2026-03-22T15:26:59.728+01:00  INFO 29912 --- [backend] [  restartedMain] com.isturgi.backend.BackendApplication   : Starting BackendApplication using Java 21.0.10 with PID 29912 (C:\Users\jball\OneDrive\Escritorio\Club de tenis\tenis-isturgi\spring-backend\target\classes started by jball in C:\Users\jball\OneDrive\Escritorio\Club de tenis\tenis-isturgi\spring-backend)
2026-03-22T15:26:59.730+01:00  INFO 29912 --- [backend] [  restartedMain] com.isturgi.backend.BackendApplication   : No active profile set, falling back to 1 default profile: "default"
2026-03-22T15:26:59.776+01:00  INFO 29912 --- [backend] [  restartedMain] .e.DevToolsPropertyDefaultsPostProcessor : Devtools property defaults active! Set 'spring.devtools.add-properties' to 'false' to disable
2026-03-22T15:26:59.776+01:00  INFO 29912 --- [backend] [  restartedMain] .e.DevToolsPropertyDefaultsPostProcessor : For additional web related logging consider setting the 'logging.level.web' property to 'DEBUG'
2026-03-22T15:27:00.494+01:00  INFO 29912 --- [backend] [  restartedMain] .s.d.r.c.RepositoryConfigurationDelegate : Bootstrapping Spring Data JPA repositories in DEFAULT mode.
2026-03-22T15:27:00.566+01:00  INFO 29912 --- [backend] [  restartedMain] .s.d.r.c.RepositoryConfigurationDelegate : Finished Spring Data repository scanning in 72 ms. Found 9 JPA repository interfaces.
2026-03-22T15:27:01.271+01:00  INFO 29912 --- [backend] [  restartedMain] o.s.b.w.embedded.tomcat.TomcatWebServer  : Tomcat initialized with port 8080 (http)
2026-03-22T15:27:01.297+01:00  INFO 29912 --- [backend] [  restartedMain] o.apache.catalina.core.StandardService   : Starting service [Tomcat]
2026-03-22T15:27:01.297+01:00  INFO 29912 --- [backend] [  restartedMain] o.apache.catalina.core.StandardEngine    : Starting Servlet engine: [Apache Tomcat/10.1.34]
2026-03-22T15:27:01.371+01:00  INFO 29912 --- [backend] [  restartedMain] o.a.c.c.C.[Tomcat].[localhost].[/]       : Initializing Spring embedded WebApplicationContext
2026-03-22T15:27:01.371+01:00  INFO 29912 --- [backend] [  restartedMain] w.s.c.ServletWebServerApplicationContext : Root WebApplicationContext: initialization completed in 1594 ms
2026-03-22T15:27:01.537+01:00  INFO 29912 --- [backend] [  restartedMain] o.hibernate.jpa.internal.util.LogHelper  : HHH000204: Processing PersistenceUnitInfo [name: default]
2026-03-22T15:27:01.612+01:00  INFO 29912 --- [backend] [  restartedMain] org.hibernate.Version                    : HHH000412: Hibernate ORM core version 6.6.4.Final
2026-03-22T15:27:01.650+01:00  INFO 29912 --- [backend] [  restartedMain] o.h.c.internal.RegionFactoryInitiator    : HHH000026: Second-level cache disabled
2026-03-22T15:27:01.979+01:00  INFO 29912 --- [backend] [  restartedMain] o.s.o.j.p.SpringPersistenceUnitInfo      : No LoadTimeWeaver setup: ignoring JPA class transformer
2026-03-22T15:27:02.031+01:00  INFO 29912 --- [backend] [  restartedMain] com.zaxxer.hikari.HikariDataSource       : HikariPool-1 - Starting...
2026-03-22T15:27:02.215+01:00  INFO 29912 --- [backend] [  restartedMain] com.zaxxer.hikari.pool.HikariPool        : HikariPool-1 - Added connection com.mysql.cj.jdbc.ConnectionImpl@192fc01b
2026-03-22T15:27:02.215+01:00  INFO 29912 --- [backend] [  restartedMain] com.zaxxer.hikari.HikariDataSource       : HikariPool-1 - Start completed.
2026-03-22T15:27:02.264+01:00  WARN 29912 --- [backend] [  restartedMain] org.hibernate.dialect.Dialect            : HHH000511: The 5.5.5 version for [org.hibernate.dialect.MySQLDialect] is no longer supported, hence certain features may not work properly. The minimum supported version is 8.0.0. Check the community dialects project for available legacy versions.
2026-03-22T15:27:02.264+01:00  WARN 29912 --- [backend] [  restartedMain] org.hibernate.orm.deprecation            : HHH90000025: MySQLDialect does not need to be specified explicitly using 'hibernate.dialect' (remove the property setting and it will be selected by default)
2026-03-22T15:27:02.286+01:00  INFO 29912 --- [backend] [  restartedMain] org.hibernate.orm.connections.pooling    : HHH10001005: Database info:
	Database JDBC URL [Connecting through datasource 'HikariDataSource (HikariPool-1)']
	Database driver: undefined/unknown
	Database version: 5.5.5
	Autocommit mode: undefined/unknown
	Isolation level: undefined/unknown
	Minimum pool size: undefined/unknown
	Maximum pool size: undefined/unknown
2026-03-22T15:27:03.364+01:00  INFO 29912 --- [backend] [  restartedMain] o.h.e.t.j.p.i.JtaPlatformInitiator       : HHH000489: No JTA platform available (set 'hibernate.transaction.jta.platform' to enable JTA platform integration)
2026-03-22T15:27:03.563+01:00  INFO 29912 --- [backend] [  restartedMain] j.LocalContainerEntityManagerFactoryBean : Initialized JPA EntityManagerFactory for persistence unit 'default'
Firebase Admin inicializado correctamente.
2026-03-22T15:27:04.234+01:00  WARN 29912 --- [backend] [  restartedMain] JpaBaseConfiguration$JpaWebConfiguration : spring.jpa.open-in-view is enabled by default. Therefore, database queries may be performed during view rendering. Explicitly configure spring.jpa.open-in-view to disable this warning
2026-03-22T15:27:04.248+01:00  WARN 29912 --- [backend] [  restartedMain] .s.s.UserDetailsServiceAutoConfiguration : 

Using generated security password: f0af51b4-efe9-44b6-8a86-3d67cc3612aa

This generated password is for development use only. Your security configuration must be updated before running your application in production.

2026-03-22T15:27:04.288+01:00  INFO 29912 --- [backend] [  restartedMain] r$InitializeUserDetailsManagerConfigurer : Global AuthenticationManager configured with UserDetailsService bean with name inMemoryUserDetailsManager
2026-03-22T15:27:04.931+01:00  INFO 29912 --- [backend] [  restartedMain] o.s.b.d.a.OptionalLiveReloadServer       : LiveReload server is running on port 35729
2026-03-22T15:27:04.954+01:00  INFO 29912 --- [backend] [  restartedMain] o.s.b.w.embedded.tomcat.TomcatWebServer  : Tomcat started on port 8080 (http) with context path '/'
2026-03-22T15:27:04.962+01:00  INFO 29912 --- [backend] [  restartedMain] com.isturgi.backend.BackendApplication   : Started BackendApplication in 5.639 seconds (process running for 6.189)
2026-03-22T15:27:23.054+01:00  INFO 29912 --- [backend] [nio-8080-exec-1] o.a.c.c.C.[Tomcat].[localhost].[/]       : Initializing Spring DispatcherServlet 'dispatcherServlet'
2026-03-22T15:27:23.055+01:00  INFO 29912 --- [backend] [nio-8080-exec-1] o.s.web.servlet.DispatcherServlet        : Initializing Servlet 'dispatcherServlet'
2026-03-22T15:27:23.056+01:00  INFO 29912 --- [backend] [nio-8080-exec-1] o.s.web.servlet.DispatcherServlet        : Completed initialization in 1 ms
Hibernate: select t1_0.id,t1_0.cartel,t1_0.categoria,t1_0.created_at,t1_0.descripcion,t1_0.descripcion_breve,t1_0.edicion,t1_0.estado,t1_0.fecha_fin,t1_0.fecha_inicio,t1_0.modalidad,t1_0.nivel_requerido,t1_0.nombre,t1_0.participantes,t1_0.patrocinador,t1_0.premios,t1_0.puntuable,t1_0.tipo_participacion,t1_0.updated_at from torneos t1_0
Hibernate: select j1_0.id,j1_0.apellidos,j1_0.categoria,j1_0.created_at,j1_0.division_id,j1_0.email,j1_0.fecha_nacimiento,j1_0.firebase_uid,j1_0.foto,j1_0.nivel,j1_0.nombre,j1_0.numero_socio,j1_0.puntos,j1_0.telefono,j1_0.updated_at from jugadores j1_0 where j1_0.email=?
Hibernate: select d1_0.id,d1_0.created_at,d1_0.nombre,t1_0.id,t1_0.created_at,t1_0.nombre,t1_0.updated_at,d1_0.updated_at from divisiones d1_0 left join temporadas t1_0 on t1_0.id=d1_0.temporada_id where d1_0.id=?
Hibernate: select j1_0.id,j1_0.apellidos,j1_0.categoria,j1_0.created_at,j1_0.division_id,j1_0.email,j1_0.fecha_nacimiento,j1_0.firebase_uid,j1_0.foto,j1_0.nivel,j1_0.nombre,j1_0.numero_socio,j1_0.puntos,j1_0.telefono,j1_0.updated_at from jugadores j1_0
Hibernate: select d1_0.id,d1_0.created_at,d1_0.nombre,t1_0.id,t1_0.created_at,t1_0.nombre,t1_0.updated_at,d1_0.updated_at from divisiones d1_0 left join temporadas t1_0 on t1_0.id=d1_0.temporada_id where d1_0.id=?
Recibida petici¾n de creaci¾n de Jugador: Debug (debug-log@isturgi.com)
Intentando crear usuario en Firebase para: debug-log@isturgi.com
Usuario de Firebase creado exitosamente: 0YMBfkKi4bQBOUUmZXEZDBGmqQk2
Vinvulando Firebase UID: 0YMBfkKi4bQBOUUmZXEZDBGmqQk2
Hibernate: insert into jugadores (apellidos,categoria,created_at,division_id,email,fecha_nacimiento,firebase_uid,foto,nivel,nombre,numero_socio,puntos,telefono,updated_at) values (?,?,?,?,?,?,?,?,?,?,?,?,?,?)
Hibernate: select j1_0.id,j1_0.apellidos,j1_0.categoria,j1_0.created_at,j1_0.division_id,j1_0.email,j1_0.fecha_nacimiento,j1_0.firebase_uid,j1_0.foto,j1_0.nivel,j1_0.nombre,j1_0.numero_socio,j1_0.puntos,j1_0.telefono,j1_0.updated_at from jugadores j1_0
Hibernate: select d1_0.id,d1_0.created_at,d1_0.nombre,t1_0.id,t1_0.created_at,t1_0.nombre,t1_0.updated_at,d1_0.updated_at from divisiones d1_0 left join temporadas t1_0 on t1_0.id=d1_0.temporada_id where d1_0.id=?
Recibida petici¾n de creaci¾n de Jugador: Test (testps@isturgi.com)
Intentando crear usuario en Firebase para: testps@isturgi.com
Usuario de Firebase creado exitosamente: j52Cu1bAGbbbhTMXDtlZZzSiceg1
Vinvulando Firebase UID: j52Cu1bAGbbbhTMXDtlZZzSiceg1
Hibernate: insert into jugadores (apellidos,categoria,created_at,division_id,email,fecha_nacimiento,firebase_uid,foto,nivel,nombre,numero_socio,puntos,telefono,updated_at) values (?,?,?,?,?,?,?,?,?,?,?,?,?,?)
